/Users/sarahg/HeartfeltTech/Apps/ctwardy/agmsar/SORAL/C++/cc-alloc.cpp:91: warning: no matching class member found for 
  CharnesCooper::CharnesCooper(int p_no_resources, int p_no_areas, const Array2D &p_effectiveness, const vector< double > &p_available, const vector< double > &p_POC)
Possible candidates:
  CharnesCooper::CharnesCooper(const int p_no_resources, const int p_no_areas, const Array2D &p_effectiveness, const valarray< double > p_available, const valarray< double > p_POC)
  CharnesCooper::CharnesCooper(const CharnesCooper &p_allocation)

/Users/sarahg/HeartfeltTech/Apps/ctwardy/agmsar/SORAL/C++/cc-alloc.cpp:145: warning: documented symbol `CharnesCooper::~CharnesCooper' was not declared or defined.
todo:-1: warning: multiple use of section label 'todo', (first occurrence: /Users/sarahg/HeartfeltTech/Apps/ctwardy/agmsar/SORAL/Documentation/Doxygen/manual-dev.dox, line 878)
/Users/sarahg/HeartfeltTech/Apps/ctwardy/agmsar/SORAL/C++/Array2D.h:52: warning: Member joinType (enumeration) of file Array2D.h is not documented.
/Users/sarahg/HeartfeltTech/Apps/ctwardy/agmsar/SORAL/C++/cc-alloc.cpp:19: warning: Unsupported xml/html tag <u> found
/Users/sarahg/HeartfeltTech/Apps/ctwardy/agmsar/SORAL/C++/cc-alloc.cpp:19: warning: Unsupported xml/html tag </u> found
/Users/sarahg/HeartfeltTech/Apps/ctwardy/agmsar/SORAL/C++/CC-test.cpp:87: warning: Member main() (function) of file CC-test.cpp is not documented.
/Users/sarahg/HeartfeltTech/Apps/ctwardy/agmsar/SORAL/C++/CC-test.cpp:11: warning: Unsupported xml/html tag <u> found
/Users/sarahg/HeartfeltTech/Apps/ctwardy/agmsar/SORAL/C++/CC-test.cpp:11: warning: Unsupported xml/html tag </u> found
/Users/sarahg/HeartfeltTech/Apps/ctwardy/agmsar/SORAL/C++/Clc-test.cpp:10: warning: Unsupported xml/html tag <u> found
/Users/sarahg/HeartfeltTech/Apps/ctwardy/agmsar/SORAL/C++/Clc-test.cpp:10: warning: Unsupported xml/html tag </u> found
/Users/sarahg/HeartfeltTech/Apps/ctwardy/agmsar/SORAL/C++/con_assn.cpp:10: warning: Unsupported xml/html tag <u> found
/Users/sarahg/HeartfeltTech/Apps/ctwardy/agmsar/SORAL/C++/con_assn.cpp:10: warning: Unsupported xml/html tag </u> found
/Users/sarahg/HeartfeltTech/Apps/ctwardy/agmsar/SORAL/C++/containr.cpp:10: warning: Unsupported xml/html tag <u> found
/Users/sarahg/HeartfeltTech/Apps/ctwardy/agmsar/SORAL/C++/containr.cpp:10: warning: Unsupported xml/html tag </u> found
/Users/sarahg/HeartfeltTech/Apps/ctwardy/agmsar/SORAL/C++/Itr-test.cpp:58: warning: Member main() (function) of file Itr-test.cpp is not documented.
/Users/sarahg/HeartfeltTech/Apps/ctwardy/agmsar/SORAL/C++/Itr-test.cpp:11: warning: Unsupported xml/html tag <u> found
/Users/sarahg/HeartfeltTech/Apps/ctwardy/agmsar/SORAL/C++/Itr-test.cpp:11: warning: Unsupported xml/html tag </u> found
/Users/sarahg/HeartfeltTech/Apps/ctwardy/agmsar/SORAL/C++/itr_assn.cpp:10: warning: Unsupported xml/html tag <u> found
/Users/sarahg/HeartfeltTech/Apps/ctwardy/agmsar/SORAL/C++/itr_assn.cpp:10: warning: Unsupported xml/html tag </u> found
/Users/sarahg/HeartfeltTech/Apps/ctwardy/agmsar/SORAL/C++/testing.cpp:60: warning: Member doubleEqual(double d1, double d2) (function) of file testing.cpp is not documented.
/Users/sarahg/HeartfeltTech/Apps/ctwardy/agmsar/SORAL/C++/testing.cpp:8: warning: Unsupported xml/html tag <u> found
/Users/sarahg/HeartfeltTech/Apps/ctwardy/agmsar/SORAL/C++/testing.cpp:8: warning: Unsupported xml/html tag </u> found
/Users/sarahg/HeartfeltTech/Apps/ctwardy/agmsar/SORAL/C++/testing.h:39: warning: Member doubleEqual(double, double) (function) of file testing.h is not documented.
/Users/sarahg/HeartfeltTech/Apps/ctwardy/agmsar/SORAL/C++/testing.h:6: warning: Unsupported xml/html tag <u> found
/Users/sarahg/HeartfeltTech/Apps/ctwardy/agmsar/SORAL/C++/testing.h:6: warning: Unsupported xml/html tag </u> found
/Users/sarahg/HeartfeltTech/Apps/ctwardy/agmsar/SORAL/C++/containr.h:191: warning: Member operator=(const ActiveArea &p_activeArea) (function) of class ActiveArea is not documented.
/Users/sarahg/HeartfeltTech/Apps/ctwardy/agmsar/SORAL/C++/Allocatn.h:236: warning: Member getCurrentActiveAreaNum(void) (function) of class ActiveAreasIterator is not documented.
/Users/sarahg/HeartfeltTech/Apps/ctwardy/agmsar/SORAL/C++/Allocatn.h:382: warning: Member calcPOD(const int areaNum) (function) of class Allocation is not documented.
/Users/sarahg/HeartfeltTech/Apps/ctwardy/agmsar/SORAL/C++/Allocatn.h:387: warning: Member calcPOS(int areaNum) (function) of class Allocation is not documented.
/Users/sarahg/HeartfeltTech/Apps/ctwardy/agmsar/SORAL/C++/Allocatn.h:392: warning: Member calcNewPOC(const int areaNum) (function) of class Allocation is not documented.
/Users/sarahg/HeartfeltTech/Apps/ctwardy/agmsar/SORAL/C++/Allocatn.h:406: warning: Member firstArea(void) const =0 (function) of class Allocation is not documented.
/Users/sarahg/HeartfeltTech/Apps/ctwardy/agmsar/SORAL/C++/Allocatn.h:408: warning: Member nextArea(const int currentArea) const =0 (function) of class Allocation is not documented.
/Users/sarahg/HeartfeltTech/Apps/ctwardy/agmsar/SORAL/C++/Allocatn.h:410: warning: Member firstArea(const int resource) const =0 (function) of class Allocation is not documented.
/Users/sarahg/HeartfeltTech/Apps/ctwardy/agmsar/SORAL/C++/Allocatn.h:414: warning: Member nextArea(const int resource, const int currentArea) const =0 (function) of class Allocation is not documented.
/Users/sarahg/HeartfeltTech/Apps/ctwardy/agmsar/SORAL/C++/Allocatn.h:416: warning: Member firstRes(const int area) const =0 (function) of class Allocation is not documented.
/Users/sarahg/HeartfeltTech/Apps/ctwardy/agmsar/SORAL/C++/Allocatn.h:420: warning: Member nextRes(const int area, const int currentResource) const =0 (function) of class Allocation is not documented.
/Users/sarahg/HeartfeltTech/Apps/ctwardy/agmsar/SORAL/C++/containr.h:92: warning: Member operator=(const AreaAssignment &p_areaAssignment) (function) of class AreaAssignment is not documented.
/Users/sarahg/HeartfeltTech/Apps/ctwardy/agmsar/SORAL/C++/Allocatn.h:126: warning: Member getResource(void) const (function) of class AreaIterator is not documented.
/Users/sarahg/HeartfeltTech/Apps/ctwardy/agmsar/SORAL/C++/Array2D.h:88: warning: Member operator=(int index) (function) of class Array2D is not documented.
/Users/sarahg/HeartfeltTech/Apps/ctwardy/agmsar/SORAL/C++/Array2D.h:90: warning: Member getNumColumns() const (function) of class Array2D is not documented.
/Users/sarahg/HeartfeltTech/Apps/ctwardy/agmsar/SORAL/C++/Array2D.h:95: warning: Member getNumRows() const (function) of class Array2D is not documented.
/Users/sarahg/HeartfeltTech/Apps/ctwardy/agmsar/SORAL/C++/Alloc-CC.h:94: warning: Member CharnesCooper(const CharnesCooper &p_allocation) (function) of class CharnesCooper is not documented.
/Users/sarahg/HeartfeltTech/Apps/ctwardy/agmsar/SORAL/C++/Alloc-CC.h:95: warning: Member operator=(const CharnesCooper &p_allocation) (function) of class CharnesCooper is not documented.
/Users/sarahg/HeartfeltTech/Apps/ctwardy/agmsar/SORAL/C++/containr.h:140: warning: Member operator=(const ResourceAssignment &p_resAssignment) (function) of class ResourceAssignment is not documented.
/Users/sarahg/HeartfeltTech/Apps/ctwardy/agmsar/SORAL/C++/Allocatn.h:189: warning: Member getArea(void) const (function) of class ResourceIterator is not documented.
/Users/sarahg/HeartfeltTech/Apps/ctwardy/agmsar/SORAL/C++/Allocatn.h:196: warning: Member myAllocation (variable) of class ResourceIterator is not documented.
/Users/sarahg/HeartfeltTech/Apps/ctwardy/agmsar/SORAL/C++/UserDef.h:88: warning: Member UserDef(const UserDef &p_allocation) (function) of class UserDef is not documented.
/Users/sarahg/HeartfeltTech/Apps/ctwardy/agmsar/SORAL/C++/UserDef.h:130: warning: Member operator=(const UserDef &p_allocation) (function) of class UserDef is not documented.
/Users/sarahg/HeartfeltTech/Apps/ctwardy/agmsar/SORAL/C++/Alloc-W.h:88: warning: Member Washburn(const int p_no_resources, const int p_no_areas, const Array2D &p_effectiveness, const valarray< double > p_available, const valarray< double > p_POC) (function) of class Washburn is not documented.
/Users/sarahg/HeartfeltTech/Apps/ctwardy/agmsar/SORAL/C++/Alloc-W.h:92: warning: Member Washburn(const Washburn &p_allocation) (function) of class Washburn is not documented.
/Users/sarahg/HeartfeltTech/Apps/ctwardy/agmsar/SORAL/C++/Alloc-W.h:93: warning: Member operator=(const Washburn &p_allocation) (function) of class Washburn is not documented.
/Users/sarahg/HeartfeltTech/Apps/ctwardy/agmsar/SORAL/C++/Alloc-W.h:111: warning: Member FALSE_AREA (variable) of class Washburn is not documented.
/Users/sarahg/HeartfeltTech/Apps/ctwardy/agmsar/SORAL/C++/Alloc-W.h:112: warning: Member TOL (variable) of class Washburn is not documented.
/Users/sarahg/HeartfeltTech/Apps/ctwardy/agmsar/SORAL/C++/Alloc-W.h:131: warning: Member set(double p_time, bool p_flag, int p_num, int p_parent, int p_child, int p_sibling) (function) of class Washburn::Node is not documented.
/Users/sarahg/HeartfeltTech/Apps/ctwardy/agmsar/SORAL/C++/Alloc-W.h:119: warning: Member time (variable) of class Washburn::Node is not documented.
/Users/sarahg/HeartfeltTech/Apps/ctwardy/agmsar/SORAL/C++/Alloc-W.h:120: warning: Member isArea (variable) of class Washburn::Node is not documented.
/Users/sarahg/HeartfeltTech/Apps/ctwardy/agmsar/SORAL/C++/Alloc-W.h:121: warning: Member number (variable) of class Washburn::Node is not documented.
/Users/sarahg/HeartfeltTech/Apps/ctwardy/agmsar/SORAL/C++/Alloc-W.h:122: warning: Member parent (variable) of class Washburn::Node is not documented.
/Users/sarahg/HeartfeltTech/Apps/ctwardy/agmsar/SORAL/C++/Alloc-W.h:123: warning: Member firstChild (variable) of class Washburn::Node is not documented.
/Users/sarahg/HeartfeltTech/Apps/ctwardy/agmsar/SORAL/C++/Alloc-W.h:124: warning: Member nextSibling (variable) of class Washburn::Node is not documented.
/Users/sarahg/HeartfeltTech/Apps/ctwardy/agmsar/SORAL/Documentation/Doxygen/manual-dev.dox:374: warning: Unsupported xml/html tag <username> found
/Users/sarahg/HeartfeltTech/Apps/ctwardy/agmsar/SORAL/Documentation/Doxygen/manual-dev.dox:588: warning: explicit link request to 'include' could not be resolved
/Users/sarahg/HeartfeltTech/Apps/ctwardy/agmsar/SORAL/Documentation/Doxygen/manual-dev.dox:589: warning: explicit link request to 'include' could not be resolved
/Users/sarahg/HeartfeltTech/Apps/ctwardy/agmsar/SORAL/Documentation/Doxygen/manual-dev.dox:593: warning: explicit link request to 'define' could not be resolved
/Users/sarahg/HeartfeltTech/Apps/ctwardy/agmsar/SORAL/Documentation/Doxygen/manual-dev.dox:594: warning: explicit link request to 'define' could not be resolved
/Users/sarahg/HeartfeltTech/Apps/ctwardy/agmsar/SORAL/Documentation/Doxygen/manual-dev.dox:610: warning: explicit link request to 'endif' could not be resolved
/Users/sarahg/HeartfeltTech/Apps/ctwardy/agmsar/SORAL/Documentation/Doxygen/manual-dev.dox:374: warning: Unsupported xml/html tag <username> found
/Users/sarahg/HeartfeltTech/Apps/ctwardy/agmsar/SORAL/Documentation/Doxygen/manual-dev.dox:588: warning: explicit link request to 'include' could not be resolved
/Users/sarahg/HeartfeltTech/Apps/ctwardy/agmsar/SORAL/Documentation/Doxygen/manual-dev.dox:589: warning: explicit link request to 'include' could not be resolved
/Users/sarahg/HeartfeltTech/Apps/ctwardy/agmsar/SORAL/Documentation/Doxygen/manual-dev.dox:593: warning: explicit link request to 'define' could not be resolved
/Users/sarahg/HeartfeltTech/Apps/ctwardy/agmsar/SORAL/Documentation/Doxygen/manual-dev.dox:594: warning: explicit link request to 'define' could not be resolved
/Users/sarahg/HeartfeltTech/Apps/ctwardy/agmsar/SORAL/Documentation/Doxygen/manual-dev.dox:610: warning: explicit link request to 'endif' could not be resolved
