This is TeX, Version 3.14159 (Web2C 7.3.7) (format=latex 2002.3.22)  23 JUL 2002 08:11
**\nonstopmode\input{master.tex}
(./master.tex (/usr/share/texmf/tex/latex/base/article.cls
Document Class: article 2001/04/21 v1.4e Standard LaTeX document class
(/usr/share/texmf/tex/latex/base/size10.clo
File: size10.clo 2001/04/21 v1.4e Standard LaTeX file (size option)
)
\c@part=\count79
\c@section=\count80
\c@subsection=\count81
\c@subsubsection=\count82
\c@paragraph=\count83
\c@subparagraph=\count84
\c@figure=\count85
\c@table=\count86
\abovecaptionskip=\skip41
\belowcaptionskip=\skip42
\bibindent=\dimen102
)
\c@theorem=\count87
 (./master.aux)
\openout1 = `master.aux'.

LaTeX Font Info:    Checking defaults for OML/cmm/m/it on input line 11.
LaTeX Font Info:    ... okay on input line 11.
LaTeX Font Info:    Checking defaults for T1/cmr/m/n on input line 11.
LaTeX Font Info:    ... okay on input line 11.
LaTeX Font Info:    Checking defaults for OT1/cmr/m/n on input line 11.
LaTeX Font Info:    ... okay on input line 11.
LaTeX Font Info:    Checking defaults for OMS/cmsy/m/n on input line 11.
LaTeX Font Info:    ... okay on input line 11.
LaTeX Font Info:    Checking defaults for OMX/cmex/m/n on input line 11.
LaTeX Font Info:    ... okay on input line 11.
LaTeX Font Info:    Checking defaults for U/cmr/m/n on input line 11.
LaTeX Font Info:    ... okay on input line 11.
LaTeX Font Info:    External font `cmex10' loaded for size
(Font)              <12> on input line 12.
LaTeX Font Info:    External font `cmex10' loaded for size
(Font)              <8> on input line 12.
LaTeX Font Info:    External font `cmex10' loaded for size
(Font)              <6> on input line 12.
 (./intro.tex
LaTeX Font Info:    External font `cmex10' loaded for size
(Font)              <7> on input line 15.
LaTeX Font Info:    External font `cmex10' loaded for size
(Font)              <5> on input line 15.

[1

]
LaTeX Font Info:    Try loading font information for OMS+cmr on input line 102.

 (/usr/share/texmf/tex/latex/base/omscmr.fd
File: omscmr.fd 1999/05/25 v2.5h Standard LaTeX font definitions
)
LaTeX Font Info:    Font shape `OMS/cmr/m/n' in size <10> not available
(Font)              Font shape `OMS/cmsy/m/n' tried instead on input line 102.
 [2]) (./related.tex

LaTeX Warning: Citation `washburn:_jota' on page 3 undefined on input line 30.

[3]

LaTeX Warning: Citation `stone89:_optimal' on page 4 undefined on input line 58
.


LaTeX Warning: Citation `stone89:_optimal' on page 4 undefined on input line 76
.


LaTeX Warning: Citation `washburn95:_jota' on page 4 undefined on input line 11
4.

[4]

LaTeX Warning: Citation `brown80:_optimal' on page 5 undefined on input line 13
5.


LaTeX Warning: Citation `washburn83:_fab' on page 5 undefined on input line 143
.

) (./formulation.tex [5] [6]) (./app1-terms.tex [7]

LaTeX Warning: Citation `frost99:_principles' on page 8 undefined on input line
 28.


LaTeX Warning: Citation `syrotuck75:_introduction' on page 8 undefined on input
 line 28.


LaTeX Warning: Citation `cooper00_adjpoa' on page 8 undefined on input line 28.



LaTeX Warning: Citation `cooper00_defs' on page 8 undefined on input line 28.


LaTeX Warning: Citation `mattson80:_estab' on page 8 undefined on input line 58
.

[8]

LaTeX Warning: Citation `stone89:_optimal' on page 9 undefined on input line 11
7.

[9] [10]
Overfull \hbox (136.18184pt too wide) in alignment at lines 230--244
 [][][] []
 []


Overfull \hbox (117.08664pt too wide) in paragraph at lines 264--265
[][] 
 []

[11] [12]
Overfull \hbox (44.81664pt too wide) in paragraph at lines 366--367
[][] 
 []

[13] (./master.aux)

LaTeX Warning: There were undefined references.

 ) ) 
Here is how much of TeX's memory you used:
 320 strings out of 10847
 3438 string characters out of 70946
 50443 words of memory out of 263001
 3308 multiletter control sequences out of 10000+0
 8902 words of font info for 31 fonts, out of 400000 for 1000
 14 hyphenation exceptions out of 1000
 27i,11n,25p,191b,243s stack positions out of 300i,100n,500p,50000b,4000s

Output written on master.dvi (13 pages, 45080 bytes).
